cl : command line  warning D9035: option 'Gm' has been deprecated and will be removed in a future release
  stdafx.cpp
cl : command line  warning D9035: option 'Gm' has been deprecated and will be removed in a future release
  Shaders.cpp
  NewTrainingFramework.cpp
C:\Users\curba\repositories\gameloftWorkshop\NewTrainingFramework_2015\NewTrainingFramework\NewTrainingFramework.cpp(17,12): warning C4305: 'initializing': truncation from 'double' to 'float'
  (compiling source file '/NewTrainingFramework.cpp')
  
C:\Users\curba\repositories\gameloftWorkshop\NewTrainingFramework_2015\NewTrainingFramework\NewTrainingFramework.cpp(89,17): warning C4244: '=': conversion from 'double' to 'float', possible loss of data
  (compiling source file '/NewTrainingFramework.cpp')
  
  Camera.cpp
C:\Users\curba\repositories\gameloftWorkshop\NewTrainingFramework_2015\NewTrainingFramework\Camera.cpp(11,11): warning C4305: 'initializing': truncation from 'double' to 'GLfloat'
  (compiling source file '/Camera.cpp')
  
C:\Users\curba\repositories\gameloftWorkshop\NewTrainingFramework_2015\NewTrainingFramework\Camera.cpp(12,13): warning C4305: 'initializing': truncation from 'double' to 'GLfloat'
  (compiling source file '/Camera.cpp')
  
C:\Users\curba\repositories\gameloftWorkshop\NewTrainingFramework_2015\NewTrainingFramework\Camera.cpp(9,11): warning C4305: 'initializing': truncation from 'double' to 'GLfloat'
  (compiling source file '/Camera.cpp')
  
C:\Users\curba\repositories\gameloftWorkshop\NewTrainingFramework_2015\NewTrainingFramework\Camera.cpp(42,20): warning C4244: 'argument': conversion from 'int' to 'GLfloat', possible loss of data
  (compiling source file '/Camera.cpp')
  
C:\Users\curba\repositories\gameloftWorkshop\NewTrainingFramework_2015\NewTrainingFramework\Camera.cpp(52,20): warning C4244: 'argument': conversion from 'int' to 'GLfloat', possible loss of data
  (compiling source file '/Camera.cpp')
  
C:\Users\curba\repositories\gameloftWorkshop\NewTrainingFramework_2015\NewTrainingFramework\Camera.cpp(62,20): warning C4244: 'argument': conversion from 'int' to 'GLfloat', possible loss of data
  (compiling source file '/Camera.cpp')
  
  Generating Code...
Camera.obj : warning LNK4075: ignoring '/EDITANDCONTINUE' due to '/SAFESEH' specification
  NewTrainingFramework.vcxproj -> C:\Users\curba\repositories\gameloftWorkshop\NewTrainingFramework_2015\BIN-Nvidia\NewTrainingFramework.exe
